Smartmatch is experimental at /home/tkay/xSwipe-master/xSwipe.pl line 121.

### $ARGV: '-n'

### $ARGV: '-e'

### $ARGV: '-m'

### $polling_interval: 1

### $ARGV: '-d'

### $base_dist: '0.05'

### init_synclient

### @area_setting: [
###                  '    LeftEdge                = 211
',
###                  '    RightEdge               = 1197
',
###                  '    TopEdge                 = 105
',
###                  '    BottomEdge              = 599
'
###                ]
### $touchpad_size_h: 494
### $touchpad_size_w: 986
### $x_min_thredshould: '49.3'
### $y_min_thredshould: '24.7'
### $inner_edge_left: '227.433333333333'
### $inner_edge_right: '1180.56666666667'
### $inner_edge_top: '129.7'
### $inner_edge_bottom: '574.3'

### $session_name: 'ubuntu'

### init_synclient

### $touch_pad_off: '0'

### $touch_pad_off: '0'

### $touch_pad_off: '0'

### $touch_pad_off: '0'

### $touch_pad_off: '0'

### $touch_pad_off: '0'

### $touch_pad_off: '0'

### $touch_pad_off: '0'

### $touch_pad_off: '0'

### $touch_pad_off: '0'

### $touch_pad_off: '0'

### $touch_pad_off: '0'

### $touch_pad_off: '0'

### $touch_pad_off: '0'

### $touch_pad_off: '0'

### $touch_pad_off: '0'

### $touch_pad_off: '0'

### $touch_pad_off: '0'

### $touch_pad_off: '0'

### $touch_pad_off: '0'

### $touch_pad_off: '0'

### $touch_pad_off: '0'

### $touch_pad_off: '0'

### init_synclient

### $touch_pad_off: '0'

### $touch_pad_off: '0'

### $touch_pad_off: '0'

### $touch_pad_off: '0'

### $touch_pad_off: '0'

### init_synclient

### $touch_pad_off: '0'

### $touch_pad_off: '0'

### $touch_pad_off: '0'

### $touch_pad_off: '0'

### $touch_pad_off: '0'

### $touch_pad_off: '0'

### $touch_pad_off: '0'

### $touch_pad_off: '0'

### $touch_pad_off: '0'

### $touch_pad_off: '0'

### $touch_pad_off: '0'

### $touch_pad_off: '0'

### $touch_pad_off: '0'

### $touch_pad_off: '0'

### init_synclient

### $touch_pad_off: '0'

### $touch_pad_off: '0'

### init_synclient

### $touch_pad_off: '0'

### $touch_pad_off: '0'

### $touch_pad_off: '0'

### $touch_pad_off: '0'

### $touch_pad_off: '0'

### $touch_pad_off: '0'

### $touch_pad_off: '0'

### $touch_pad_off: '0'

### $touch_pad_off: '0'

### $touch_pad_off: '0'

### $touch_pad_off: '0'

### $touch_pad_off: '0'

### $touch_pad_off: '0'

### $touch_pad_off: '0'

### $touch_pad_off: '0'

### init_synclient

### $touch_pad_off: '0'

### $touch_pad_off: '0'

### init_synclient

### $touch_pad_off: '0'

### init_synclient

### $touch_pad_off: '0'

### $touch_pad_off: '0'

### $touch_pad_off: '0'

### init_synclient

### $touch_pad_off: '0'

### init_synclient

### $touch_pad_off: '0'

### init_synclient

### $touch_pad_off: '0'

### $touch_pad_off: '0'

### $touch_pad_off: '0'

### $touch_pad_off: '0'

### $touch_pad_off: '0'

### $touch_pad_off: '0'

### $touch_pad_off: '0'

### $touch_pad_off: '0'

### $touch_pad_off: '0'

### $touch_pad_off: '0'

### init_synclient

### $touch_pad_off: '0'

### init_synclient

### $touch_pad_off: '0'

### $touch_pad_off: '0'

### $touch_pad_off: '0'

### init_synclient

### $touch_pad_off: '0'

### $touch_pad_off: '0'

### init_synclient

### $touch_pad_off: '0'

### $touch_pad_off: '0'

### $touch_pad_off: '0'

### init_synclient

### $touch_pad_off: '0'

### $touch_pad_off: '0'

### $touch_pad_off: '0'

### $touch_pad_off: '0'

### $touch_pad_off: '0'

### $touch_pad_off: '0'

### init_synclient

### $touch_pad_off: '0'

### $touch_pad_off: '0'

### $touch_pad_off: '0'

### $touch_pad_off: '0'

### $touch_pad_off: '0'

### $touch_pad_off: '0'

### $touch_pad_off: '0'

### init_synclient

### $touch_pad_off: '0'

### $touch_pad_off: '0'

### $touch_pad_off: '0'

### init_synclient

### $touch_pad_off: '0'

### $touch_pad_off: '0'

### $touch_pad_off: '0'

### $touch_pad_off: '0'

### $touch_pad_off: '0'

### $touch_pad_off: '0'

### $touch_pad_off: '0'

### $touch_pad_off: '0'

### $touch_pad_off: '0'

### $touch_pad_off: '0'

### init_synclient

### $touch_pad_off: '0'

### $touch_pad_off: '0'

### $touch_pad_off: '0'

### $touch_pad_off: '0'

### $touch_pad_off: '0'

### $touch_pad_off: '0'

### $touch_pad_off: '0'

### $touch_pad_off: '0'

### $touch_pad_off: '0'

### $touch_pad_off: '0'

### $touch_pad_off: '0'

### $touch_pad_off: '0'

### $touch_pad_off: '0'

### $touch_pad_off: '0'

### $touch_pad_off: '0'

### $touch_pad_off: '0'

### $touch_pad_off: '0'

### $touch_pad_off: '0'

### $touch_pad_off: '0'

### $touch_pad_off: '0'

### $touch_pad_off: '0'

### $touch_pad_off: '0'

### $touch_pad_off: '0'

### $touch_pad_off: '0'

### $touch_pad_off: '0'

### $touch_pad_off: '0'

### $touch_pad_off: '0'

### $touch_pad_off: '0'

### $touch_pad_off: '0'

### $touch_pad_off: '0'

### $touch_pad_off: '0'

### init_synclient

### $touch_pad_off: '0'

### $touch_pad_off: '0'

### $touch_pad_off: '0'

### $touch_pad_off: '0'

### $touch_pad_off: '0'

### $touch_pad_off: '0'

### $touch_pad_off: '0'

### $touch_pad_off: '0'

### $touch_pad_off: '0'

### init_synclient

### $touch_pad_off: '0'

### $touch_pad_off: '0'

### $touch_pad_off: '0'

### $touch_pad_off: '0'

### init_synclient

### $touch_pad_off: '0'

### $touch_pad_off: '0'

### $touch_pad_off: '0'

### init_synclient

### $touch_pad_off: '0'

### $touch_pad_off: '0'

### $touch_pad_off: '0'

### $touch_pad_off: '0'

### init_synclient

### $touch_pad_off: '0'

### $touch_pad_off: '0'

### $touch_pad_off: '0'

### $touch_pad_off: '0'

### init_synclient

### $touch_pad_off: '0'

### $touch_pad_off: '0'

### $touch_pad_off: '0'

### $touch_pad_off: '0'

### $touch_pad_off: '0'

### $touch_pad_off: '0'

### $touch_pad_off: '0'

### $touch_pad_off: '0'

### init_synclient

### $touch_pad_off: '0'

### $touch_pad_off: '0'

### $touch_pad_off: '0'

### init_synclient

### $touch_pad_off: '0'

### init_synclient

### $touch_pad_off: '0'

### init_synclient

### $touch_pad_off: '0'

### $touch_pad_off: '0'

### $touch_pad_off: '0'

### $touch_pad_off: '0'

### $touch_pad_off: '0'

### init_synclient

### $touch_pad_off: '0'

### $touch_pad_off: '0'

### init_synclient

### $touch_pad_off: '0'

### $touch_pad_off: '0'

### $touch_pad_off: '0'

### $touch_pad_off: '0'

### init_synclient

### $touch_pad_off: '0'

### $touch_pad_off: '0'

### init_synclient

### $touch_pad_off: '0'

### $touch_pad_off: '0'

### $touch_pad_off: '0'

### $touch_pad_off: '0'

### init_synclient

### $touch_pad_off: '0'

### $touch_pad_off: '0'

### $touch_pad_off: '0'

### $touch_pad_off: '0'

### $touch_pad_off: '0'

### $touch_pad_off: '0'

### $touch_pad_off: '0'

### $touch_pad_off: '0'

### $touch_pad_off: '0'

### $touch_pad_off: '0'

### $touch_pad_off: '0'

### init_synclient

### $touch_pad_off: '0'

### $touch_pad_off: '0'

### $touch_pad_off: '0'

### $touch_pad_off: '0'

### $touch_pad_off: '0'

### $touch_pad_off: '0'

### $touch_pad_off: '0'

### init_synclient

### $touch_pad_off: '0'

### $touch_pad_off: '0'

### init_synclient

### $touch_pad_off: '0'

### $touch_pad_off: '0'

### $touch_pad_off: '0'

### $touch_pad_off: '0'

### init_synclient

### $touch_pad_off: '0'

### init_synclient

### $touch_pad_off: '0'

### $touch_pad_off: '0'

### $touch_pad_off: '0'

### $touch_pad_off: '0'

### $touch_pad_off: '0'

### init_synclient

### $touch_pad_off: '0'

### $touch_pad_off: '0'

### init_synclient

### $touch_pad_off: '0'

### init_synclient

### $touch_pad_off: '0'

### $touch_pad_off: '0'

### $touch_pad_off: '0'

### $touch_pad_off: '0'

### $touch_pad_off: '0'

### $touch_pad_off: '0'

### $touch_pad_off: '0'

### $touch_pad_off: '0'

### $touch_pad_off: '0'

### $touch_pad_off: '0'

### init_synclient

### $touch_pad_off: '0'

### $touch_pad_off: '0'

### $touch_pad_off: '0'

### $touch_pad_off: '0'

### $touch_pad_off: '0'

### init_synclient

### $touch_pad_off: '0'

### $touch_pad_off: '0'

### $touch_pad_off: '0'

### $touch_pad_off: '0'

### $touch_pad_off: '0'

### $touch_pad_off: '0'

### $touch_pad_off: '0'

### $touch_pad_off: '0'

### $touch_pad_off: '0'

### $touch_pad_off: '0'

### $touch_pad_off: '0'

### $touch_pad_off: '0'

### $touch_pad_off: '0'

### $touch_pad_off: '0'

### $touch_pad_off: '0'

### $touch_pad_off: '0'

### $touch_pad_off: '0'

### $touch_pad_off: '0'

### $touch_pad_off: '0'

### $touch_pad_off: '0'

### $touch_pad_off: '0'

### $touch_pad_off: '0'

### $touch_pad_off: '0'

### $touch_pad_off: '0'

### $touch_pad_off: '0'

### $touch_pad_off: '0'

### $touch_pad_off: '0'

### $touch_pad_off: '0'

### $touch_pad_off: '0'

### $touch_pad_off: '0'

### $touch_pad_off: '0'

### init_synclient

### $touch_pad_off: '0'

### $touch_pad_off: '0'

### init_synclient

### $touch_pad_off: '0'

### $touch_pad_off: '0'

### init_synclient

### $touch_pad_off: '0'

### $touch_pad_off: '0'

### $touch_pad_off: '0'

### $touch_pad_off: '0'

### $touch_pad_off: '0'

### $touch_pad_off: '0'

### init_synclient

### $touch_pad_off: '0'

### $touch_pad_off: '0'

### $touch_pad_off: '0'

### $touch_pad_off: '0'

### $touch_pad_off: '0'

### $touch_pad_off: '0'

### $touch_pad_off: '0'

### $touch_pad_off: '0'

### $touch_pad_off: '0'

### $touch_pad_off: '0'

### $touch_pad_off: '0'

### $touch_pad_off: '0'

### $touch_pad_off: '0'

### $touch_pad_off: '0'

### init_synclient

### $touch_pad_off: '0'

### $touch_pad_off: '0'

### $touch_pad_off: '0'

### $touch_pad_off: '0'

### $touch_pad_off: '0'

### $touch_pad_off: '0'

### $touch_pad_off: '0'

### $touch_pad_off: '0'

### init_synclient

### $touch_pad_off: '0'

### $touch_pad_off: '0'

### $touch_pad_off: '0'

### $touch_pad_off: '0'

### init_synclient

### $touch_pad_off: '0'

### init_synclient

### $touch_pad_off: '0'

### $touch_pad_off: '0'

### $touch_pad_off: '0'

### init_synclient

### $touch_pad_off: '0'

### $touch_pad_off: '0'

### $touch_pad_off: '0'

### $touch_pad_off: '0'

### $touch_pad_off: '0'

### $touch_pad_off: '0'

### $touch_pad_off: '0'

### $touch_pad_off: '0'

### init_synclient

### $touch_pad_off: '0'

### $touch_pad_off: '0'

### $touch_pad_off: '0'

### $touch_pad_off: '0'

### $touch_pad_off: '0'

### $touch_pad_off: '0'

### init_synclient

### $touch_pad_off: '0'

### $touch_pad_off: '0'

### $touch_pad_off: '0'

### $touch_pad_off: '0'

### $touch_pad_off: '0'

### $touch_pad_off: '0'

### $touch_pad_off: '0'

### $touch_pad_off: '0'

### $touch_pad_off: '0'

### $touch_pad_off: '0'

### $touch_pad_off: '0'

### $touch_pad_off: '0'

### $touch_pad_off: '0'

### init_synclient

### $touch_pad_off: '0'

### $touch_pad_off: '0'

### $touch_pad_off: '0'

### $touch_pad_off: '0'

### $touch_pad_off: '0'

### init_synclient

### $touch_pad_off: '0'

### $touch_pad_off: '0'

### $touch_pad_off: '0'

### $touch_pad_off: '0'

### $touch_pad_off: '0'

### $touch_pad_off: '0'

### $touch_pad_off: '0'

### $touch_pad_off: '0'

### $touch_pad_off: '0'

### $touch_pad_off: '0'

### $touch_pad_off: '0'

### init_synclient

### $touch_pad_off: '0'

### $touch_pad_off: '0'

### $touch_pad_off: '0'

### init_synclient

### $touch_pad_off: '0'

### $touch_pad_off: '0'

### $touch_pad_off: '0'

### $touch_pad_off: '0'

### $touch_pad_off: '0'

### $touch_pad_off: '0'

### init_synclient

### $touch_pad_off: '0'

### $touch_pad_off: '0'

### $touch_pad_off: '0'

### $touch_pad_off: '0'

### $touch_pad_off: '0'

### $touch_pad_off: '0'

### init_synclient

### $touch_pad_off: '0'

### $touch_pad_off: '0'

### $touch_pad_off: '0'

### $touch_pad_off: '0'

### $touch_pad_off: '0'

### $touch_pad_off: '0'

### $touch_pad_off: '0'

### init_synclient

### $touch_pad_off: '0'

### $touch_pad_off: '0'

### $touch_pad_off: '0'

### $touch_pad_off: '0'

### $touch_pad_off: '0'

### $touch_pad_off: '0'

### $touch_pad_off: '0'

### init_synclient

### $touch_pad_off: '0'

### init_synclient

### $touch_pad_off: '0'

### $touch_pad_off: '0'

### $touch_pad_off: '0'

### $touch_pad_off: '0'

### $touch_pad_off: '0'

### $touch_pad_off: '0'

### $touch_pad_off: '0'

### $touch_pad_off: '0'

### $touch_pad_off: '0'

### init_synclient

### $touch_pad_off: '0'

### init_synclient

### $touch_pad_off: '0'

### $touch_pad_off: '0'

### $touch_pad_off: '0'

### $touch_pad_off: '0'

### $touch_pad_off: '0'

### $touch_pad_off: '0'

### $touch_pad_off: '0'

### init_synclient

### $touch_pad_off: '0'

### $touch_pad_off: '0'

### init_synclient

### $touch_pad_off: '0'

### init_synclient

### $touch_pad_off: '0'

### $touch_pad_off: '0'

### $touch_pad_off: '0'

### $touch_pad_off: '0'

### $touch_pad_off: '0'

### $touch_pad_off: '0'

### init_synclient

### $touch_pad_off: '0'

### $touch_pad_off: '0'

### init_synclient

### $touch_pad_off: '0'

### $touch_pad_off: '0'

### $touch_pad_off: '0'

### $touch_pad_off: '0'

### init_synclient

### $touch_pad_off: '0'

### $touch_pad_off: '0'

### $touch_pad_off: '0'

### $touch_pad_off: '0'

### $touch_pad_off: '0'

### $touch_pad_off: '0'

### $touch_pad_off: '0'

### $touch_pad_off: '0'

### $touch_pad_off: '0'

### $touch_pad_off: '0'

### $touch_pad_off: '0'

### $touch_pad_off: '0'

### $touch_pad_off: '0'

### $touch_pad_off: '0'

### $touch_pad_off: '0'

### $touch_pad_off: '0'

### $touch_pad_off: '0'

### $touch_pad_off: '0'

### init_synclient

### $touch_pad_off: '0'

### $touch_pad_off: '0'

### $touch_pad_off: '0'

### $touch_pad_off: '0'

### $touch_pad_off: '0'

### $touch_pad_off: '0'

### $touch_pad_off: '0'

### $touch_pad_off: '0'

### $touch_pad_off: '0'

### $touch_pad_off: '0'

### $touch_pad_off: '0'

### $touch_pad_off: '0'

### $touch_pad_off: '0'

### $touch_pad_off: '0'

### $touch_pad_off: '0'

### init_synclient

### $touch_pad_off: '0'

### $touch_pad_off: '0'

### $touch_pad_off: '0'

### init_synclient

### $touch_pad_off: '0'

### $touch_pad_off: '0'

### $touch_pad_off: '0'

### $touch_pad_off: '0'

### $touch_pad_off: '0'

### $touch_pad_off: '0'

### $touch_pad_off: '0'

### $touch_pad_off: '2'

### init_synclient

### $touch_pad_off: '2'

### $touch_pad_off: '0'

### $touch_pad_off: '0'

### init_synclient

### $touch_pad_off: '0'

### $touch_pad_off: '0'

### $touch_pad_off: '0'

### $touch_pad_off: '0'

### $touch_pad_off: '0'

### init_synclient

### $touch_pad_off: '0'

### $touch_pad_off: '0'

### $touch_pad_off: '0'

### $touch_pad_off: '0'

### $touch_pad_off: '0'

### $touch_pad_off: '0'

### $touch_pad_off: '0'

### $touch_pad_off: '0'

### $touch_pad_off: '0'

### $touch_pad_off: '0'

### $touch_pad_off: '0'

### $touch_pad_off: '0'

### init_synclient

### $touch_pad_off: '0'

### init_synclient

### $touch_pad_off: '0'

### $touch_pad_off: '0'

### $touch_pad_off: '0'

### $touch_pad_off: '0'

### $touch_pad_off: '0'

### $touch_pad_off: '0'

### $touch_pad_off: '0'

### $touch_pad_off: '0'

### $touch_pad_off: '0'

### $touch_pad_off: '0'

### init_synclient

### $touch_pad_off: '2'

### ne default

### $time - $event_time got: '20468.854'

### @event_string: [
###                  'LCT',
###                  'LAL',
###                  'RIG'
###                ]

### $touch_pad_off: '0'

### ne default

### $time - $event_time got: '0.833999999998923'

### @event_string: [
###                  'LCT',
###                  'LAL',
###                  'LEF'
###                ]

### $touch_pad_off: '0'

### $touch_pad_off: '0'

### $touch_pad_off: '0'

### init_synclient

### $touch_pad_off: '0'

### init_synclient

### $touch_pad_off: '2'

### init_synclient

### $touch_pad_off: '0'
